<?xml version="1.0" encoding="UTF-8"?>
<!-- Generated by org.testng.reporters.JUnitReportReporter -->
<testsuite hostname="Aaryans-MacBook-Pro.local" failures="0" tests="1" name="com.ask.test.AddToCartTest" time="13.974" errors="0" timestamp="2023-05-29T01:23:07 IST" skipped="0">
  <testcase classname="com.ask.test.AddToCartTest" name="addToCartFromStorePage" time="13.974"/>
  <system-out/>
</testsuite> <!-- com.ask.test.AddToCartTest -->
