<?xml version="1.0" encoding="UTF-8"?>
<!-- Generated by org.testng.reporters.JUnitReportReporter -->
<testsuite hostname="Aaryans-MacBook-Pro.local" failures="0" tests="2" name="com.ask.test.CheckoutTest" time="38.792" errors="0" timestamp="2023-05-29T01:23:07 IST" skipped="0">
  <testcase classname="com.ask.test.CheckoutTest" name="loginAndCheckoutUsingDirectBankTransfer" time="20.953"/>
  <system-out/>
  <testcase classname="com.ask.test.CheckoutTest" name="guestCheckoutUsingDirectBankTransfer" time="17.839"/>
  <system-out/>
</testsuite> <!-- com.ask.test.CheckoutTest -->
