<?xml version="1.0" encoding="UTF-8"?>
<!-- Generated by org.testng.reporters.JUnitReportReporter -->
<testsuite hostname="Aaryans-MacBook-Pro.local" failures="0" tests="1" name="com.ask.test.SearchTest" time="13.077" errors="0" timestamp="2023-05-29T01:23:07 IST" skipped="0">
  <testcase classname="com.ask.test.SearchTest" name="searchPartialMatch" time="13.077"/>
  <system-out/>
</testsuite> <!-- com.ask.test.SearchTest -->
